arcore_facemakeup/Temp/gradleOut/launcher/build/intermediates/manifest_merge_blame_file/release/manifest-merger-blame-release-report.txt
1<?xml version="1.0" encoding="utf-8"?>
2<!-- GENERATED BY UNITY. REMOVE THIS COMMENT TO PREVENT OVERWRITING WHEN EXPORTING AGAIN -->
3<manifest xmlns:android="http://schemas.android.com/apk/res/android"
4    package="com.DefaultCompany.arcore_facemakeup"
5    android:installLocation="preferExternal"
6    android:versionCode="1"
7    android:versionName="0.1" >
8
9    <uses-sdk
10        android:minSdkVersion="28"
10-->src\main\AndroidManifest.xml
11        android:targetSdkVersion="29" />
11-->src\main\AndroidManifest.xml
12
13    <supports-screens
13-->src\main\AndroidManifest.xml:4:3-163
14        android:anyDensity="true"
14-->src\main\AndroidManifest.xml:4:135-160
15        android:largeScreens="true"
15-->src\main\AndroidManifest.xml:4:78-105
16        android:normalScreens="true"
16-->src\main\AndroidManifest.xml:4:49-77
17        android:smallScreens="true"
17-->src\main\AndroidManifest.xml:4:21-48
18        android:xlargeScreens="true" />
18-->src\main\AndroidManifest.xml:4:106-134
19
20    <uses-feature android:glEsVersion="0x00020000" />
20-->[:unityLibrary] AndroidManifest.xml:13:5-54
20-->[:unityLibrary] AndroidManifest.xml:13:19-51
21
22    <uses-permission android:name="android.permission.INTERNET" />
22-->[:unityLibrary] AndroidManifest.xml:15:5-67
22-->[:unityLibrary] AndroidManifest.xml:15:22-64
23    <uses-permission android:name="android.permission.WRITE_EXTERNAL_STORAGE" />
23-->[:unityLibrary] AndroidManifest.xml:16:5-81
23-->[:unityLibrary] AndroidManifest.xml:16:22-78
24
25    <uses-feature
25-->[:unityLibrary] AndroidManifest.xml:18:5-20:36
26        android:name="android.hardware.touchscreen"
26-->[:unityLibrary] AndroidManifest.xml:19:9-52
27        android:required="false" />
27-->[:unityLibrary] AndroidManifest.xml:20:9-33
28    <uses-feature
28-->[:unityLibrary] AndroidManifest.xml:21:5-23:36
29        android:name="android.hardware.touchscreen.multitouch"
29-->[:unityLibrary] AndroidManifest.xml:22:9-63
30        android:required="false" />
30-->[:unityLibrary] AndroidManifest.xml:23:9-33
31    <uses-feature
31-->[:unityLibrary] AndroidManifest.xml:24:5-26:36
32        android:name="android.hardware.touchscreen.multitouch.distinct"
32-->[:unityLibrary] AndroidManifest.xml:25:9-72
33        android:required="false" />
33-->[:unityLibrary] AndroidManifest.xml:26:9-33
34
35    <uses-permission android:name="android.permission.CAMERA" />
35-->[:unityLibrary] AndroidManifest.xml:28:5-65
35-->[:unityLibrary] AndroidManifest.xml:28:22-62
36
37    <uses-feature
37-->[:unityLibrary] AndroidManifest.xml:30:5-32:35
38        android:name="android.hardware.camera.ar"
38-->[:unityLibrary] AndroidManifest.xml:31:9-50
39        android:required="true" />
39-->[:unityLibrary] AndroidManifest.xml:32:9-32
40
41    <queries>
41-->[:arcore_client:] AndroidManifest.xml:29:5-31:15
42        <package android:name="com.google.ar.core" />
42-->[:arcore_client:] AndroidManifest.xml:30:9-54
42-->[:arcore_client:] AndroidManifest.xml:30:18-51
43    </queries>
44
45    <uses-feature
45-->[:NativeCamera:] AndroidManifest.xml:12:2-82
46        android:name="android.hardware.camera"
46-->[:NativeCamera:] AndroidManifest.xml:12:16-54
47        android:required="false" />
47-->[:NativeCamera:] AndroidManifest.xml:12:55-79
48
49    <uses-permission android:name="android.permission.READ_EXTERNAL_STORAGE" />
49-->[:NativeCamera:] AndroidManifest.xml:13:2-98
49-->[:NativeCamera:] AndroidManifest.xml:13:19-74
50
51    <application
51-->src\main\AndroidManifest.xml:5:3-116
52        android:extractNativeLibs="true"
52-->src\main\AndroidManifest.xml:5:16-48
53        android:icon="@mipmap/app_icon"
53-->src\main\AndroidManifest.xml:5:82-113
54        android:label="@string/app_name"
54-->src\main\AndroidManifest.xml:5:49-81
55        android:requestLegacyExternalStorage="true" >
55-->[:NativeGallery:] AndroidManifest.xml:5:15-58
56        <activity
56-->[:unityLibrary] AndroidManifest.xml:35:9-54:20
57            android:name="com.unity3d.player.UnityPlayerActivity"
57-->[:unityLibrary] AndroidManifest.xml:36:13-66
58            android:configChanges="mcc|mnc|locale|touchscreen|keyboard|keyboardHidden|navigation|orientation|screenLayout|uiMode|screenSize|smallestScreenSize|fontScale|layoutDirection|density"
58-->[:unityLibrary] AndroidManifest.xml:37:13-194
59            android:hardwareAccelerated="false"
59-->[:unityLibrary] AndroidManifest.xml:38:13-48
60            android:launchMode="singleTask"
60-->[:unityLibrary] AndroidManifest.xml:39:13-44
61            android:screenOrientation="fullSensor"
61-->[:unityLibrary] AndroidManifest.xml:40:13-51
62            android:theme="@style/UnityThemeSelector" >
62-->[:unityLibrary] AndroidManifest.xml:41:13-54
63            <intent-filter>
63-->[:unityLibrary] AndroidManifest.xml:42:13-46:29
64                <action android:name="android.intent.action.MAIN" />
64-->[:unityLibrary] AndroidManifest.xml:43:17-69
64-->[:unityLibrary] AndroidManifest.xml:43:25-66
65
66                <category android:name="android.intent.category.LAUNCHER" />
66-->[:unityLibrary] AndroidManifest.xml:45:17-77
66-->[:unityLibrary] AndroidManifest.xml:45:27-74
67            </intent-filter>
68
69            <meta-data
69-->[:unityLibrary] AndroidManifest.xml:48:13-50:40
70                android:name="unityplayer.UnityActivity"
70-->[:unityLibrary] AndroidManifest.xml:49:17-57
71                android:value="true" />
71-->[:unityLibrary] AndroidManifest.xml:50:17-37
72            <meta-data
72-->[:unityLibrary] AndroidManifest.xml:51:13-53:40
73                android:name="android.notch_support"
73-->[:unityLibrary] AndroidManifest.xml:52:17-53
74                android:value="true" />
74-->[:unityLibrary] AndroidManifest.xml:53:17-37
75        </activity>
76
77        <meta-data
77-->[:unityLibrary] AndroidManifest.xml:56:9-58:33
78            android:name="unity.splash-mode"
78-->[:unityLibrary] AndroidManifest.xml:57:13-45
79            android:value="0" />
79-->[:unityLibrary] AndroidManifest.xml:58:13-30
80        <meta-data
80-->[:unityLibrary] AndroidManifest.xml:59:9-61:36
81            android:name="unity.splash-enable"
81-->[:unityLibrary] AndroidManifest.xml:60:13-47
82            android:value="True" />
82-->[:unityLibrary] AndroidManifest.xml:61:13-33
83        <meta-data
83-->[:unityLibrary] AndroidManifest.xml:62:9-64:50
84            android:name="notch.config"
84-->[:unityLibrary] AndroidManifest.xml:63:13-40
85            android:value="portrait|landscape" />
85-->[:unityLibrary] AndroidManifest.xml:64:13-47
86        <meta-data
86-->[:unityLibrary] AndroidManifest.xml:65:9-67:68
87            android:name="unity.build-id"
87-->[:unityLibrary] AndroidManifest.xml:66:13-42
88            android:value="d35735de-9654-4c72-b27b-b8149743658c" />
88-->[:unityLibrary] AndroidManifest.xml:67:13-65
89        <meta-data
89-->[:unityLibrary] AndroidManifest.xml:68:9-70:36
90            android:name="unityplayer.SkipPermissionsDialog"
90-->[:unityLibrary] AndroidManifest.xml:69:13-61
91            android:value="true" />
91-->[:unityLibrary] AndroidManifest.xml:70:13-33
92        <meta-data
92-->[:unityLibrary] AndroidManifest.xml:71:9-73:40
93            android:name="com.google.ar.core"
93-->[:unityLibrary] AndroidManifest.xml:72:13-46
94            android:value="required" /> <!-- The minimal version code of ARCore APK required for an app using this SDK. -->
94-->[:unityLibrary] AndroidManifest.xml:73:13-37
95        <meta-data
95-->[:arcore_client:] AndroidManifest.xml:36:9-38:41
96            android:name="com.google.ar.core.min_apk_version"
96-->[:arcore_client:] AndroidManifest.xml:37:13-62
97            android:value="201750000" /> <!-- This activity is critical for installing ARCore when it is not already present. -->
97-->[:arcore_client:] AndroidManifest.xml:38:13-38
98        <activity
98-->[:arcore_client:] AndroidManifest.xml:40:9-46:80
99            android:name="com.google.ar.core.InstallActivity"
99-->[:arcore_client:] AndroidManifest.xml:41:13-62
100            android:configChanges="keyboardHidden|orientation|screenSize"
100-->[:arcore_client:] AndroidManifest.xml:42:13-74
101            android:excludeFromRecents="true"
101-->[:arcore_client:] AndroidManifest.xml:43:13-46
102            android:exported="false"
102-->[:arcore_client:] AndroidManifest.xml:44:13-37
103            android:launchMode="singleTop"
103-->[:arcore_client:] AndroidManifest.xml:45:13-43
104            android:theme="@android:style/Theme.Material.Light.Dialog.Alert" />
104-->[:arcore_client:] AndroidManifest.xml:46:13-77
105
106        <provider
106-->[:NativeCamera:] AndroidManifest.xml:4:3-8:42
107            android:name="com.yasirkula.unity.NativeCameraContentProvider"
107-->[:NativeCamera:] AndroidManifest.xml:5:5-67
108            android:authorities="com.DefaultCompany.arcore_facemakeup.NativeCameraContentProvider"
108-->[:NativeCamera:] AndroidManifest.xml:6:5-71
109            android:exported="false"
109-->[:NativeCamera:] AndroidManifest.xml:7:5-29
110            android:grantUriPermissions="true" />
110-->[:NativeCamera:] AndroidManifest.xml:8:5-39
111    </application>
112
113</manifest>